Added Net: Name=+5V
Added Net: Name=+12V
Added Net: Name=50/60
Added Net: Name=AN230
Added Net: Name=A
Added Net: Name=B
Added Net: Name=CONT
Added Net: Name=C
Added Net: Name=D0
Added Net: Name=D1
Added Net: Name=D2
Added Net: Name=D3
Added Net: Name=D
Added Net: Name=E
Added Net: Name=GND
Added Net: Name=IOUT
Added Net: Name=MCLR
Added Net: Name=NetCP3_1
Added Net: Name=NetJ4_0
Added Net: Name=NetJ4_1
Added Net: Name=NetR2_2
Added Net: Name=NetR4_1
Added Net: Name=NetU2_4
Added Net: Name=NetU3_5
Added Net: Name=NPWM
Added Net: Name=PGC
Added Net: Name=PGD
Added Net: Name=P
Added Net: Name=PWM
Added Net: Name=R/W
Added Net: Name=VAC1
Added Net: Name=VAC2
Added Net: Name=VREFTR
Added Class: Name=Sheet1
Added Room: Name=Sheet1
