Added Component: Designator=C1(C2_200mils)
Added Component: Designator=C2(C2_200mils)
Added Component: Designator=C3(C2_200mils)
Added Component: Designator=C4(C2_200mils)
Added Component: Designator=C5(C2_200mils)
Added Component: Designator=C6(C2_200mils)
Added Component: Designator=C7(C2_200mils)
Added Component: Designator=C8(C2_200mils)
Added Component: Designator=C9(C2_200mils)
Added Component: Designator=C10(C2_200mils)
Added Component: Designator=D4(DO35)
Added Component: Designator=D5(DO35)
Added Component: Designator=R10(R1/4)
Added Component: Designator=R11(R1/4)
Added Component: Designator=T1(TR_0.35/1/12)
Added Component: Designator=T2(HXS 20-NP)
Added Pin To Net: NetName=+5V Pin=C1-1
Added Pin To Net: NetName=GND Pin=C1-2
Added Pin To Net: NetName=+5V Pin=C2-1
Added Pin To Net: NetName=GND Pin=C2-2
Added Pin To Net: NetName=+5V Pin=C3-1
Added Pin To Net: NetName=GND Pin=C3-2
Added Pin To Net: NetName=+5V Pin=C4-1
Added Pin To Net: NetName=GND Pin=C4-2
Added Pin To Net: NetName=+5V Pin=C5-1
Added Pin To Net: NetName=GND Pin=C5-2
Added Pin To Net: NetName=+5V Pin=C6-1
Added Pin To Net: NetName=GND Pin=C6-2
Added Pin To Net: NetName=+5V Pin=C7-1
Added Pin To Net: NetName=GND Pin=C7-2
Added Pin To Net: NetName=+5V Pin=C8-1
Added Pin To Net: NetName=GND Pin=C8-2
Added Pin To Net: NetName=GND Pin=C9-1
Added Pin To Net: NetName=GND Pin=C10-2
Added Pin To Net: NetName=+5V Pin=D4-2
Added Pin To Net: NetName=GND Pin=D5-1
Added Pin To Net: NetName=GND Pin=J1-1
Added Pin To Net: NetName=GND Pin=R10-1
Added Pin To Net: NetName=+5V Pin=R11-2
Added Pin To Net: NetName=NetR4_1 Pin=T1-2
Added Pin To Net: NetName=NetCP3_1 Pin=T1-4
Added Pin To Net: NetName=+5V Pin=T2-9
Added Pin To Net: NetName=GND Pin=T2-10
Added Pin To Net: NetName=IOUT Pin=C9-2
Added Pin To Net: NetName=IOUT Pin=D4-1
Added Pin To Net: NetName=IOUT Pin=D5-2
Added Pin To Net: NetName=IOUT Pin=T2-11
Added Pin To Net: NetName=IOUT Pin=U1-4
Added Net: Name=IOUT
Added Pin To Net: NetName=VAC1 Pin=T1-1
Added Net: Name=VAC1
Added Pin To Net: NetName=VAC2 Pin=T1-3
Added Net: Name=VAC2
Added Pin To Net: NetName=VREFTR Pin=C10-1
Added Pin To Net: NetName=VREFTR Pin=R10-2
Added Pin To Net: NetName=VREFTR Pin=R11-1
Added Pin To Net: NetName=VREFTR Pin=T2-12
Added Net: Name=VREFTR
Added Member To Class: ClassName=Sheet1 Member=Component C1 C
Added Member To Class: ClassName=Sheet1 Member=Component C2 C
Added Member To Class: ClassName=Sheet1 Member=Component C3 C
Added Member To Class: ClassName=Sheet1 Member=Component C4 C
Added Member To Class: ClassName=Sheet1 Member=Component C5 C
Added Member To Class: ClassName=Sheet1 Member=Component C6 C
Added Member To Class: ClassName=Sheet1 Member=Component C7 C
Added Member To Class: ClassName=Sheet1 Member=Component C8 47nF
Added Member To Class: ClassName=Sheet1 Member=Component C9 4.7nF
Added Member To Class: ClassName=Sheet1 Member=Component C10 47nF
Added Member To Class: ClassName=Sheet1 Member=Component D4 D
Added Member To Class: ClassName=Sheet1 Member=Component D5 D
Added Member To Class: ClassName=Sheet1 Member=Component R10 R
Added Member To Class: ClassName=Sheet1 Member=Component R11 R
Added Member To Class: ClassName=Sheet1 Member=Component T1 TRAFO_1P2S
Added Member To Class: ClassName=Sheet1 Member=Component T2 Transducer 5-20A
Added Room: Name=Sheet1
