Change Component Footprint: Designator=D1 Old Footprint=DO41 New Footprint=DO35
Change Component Footprint: Designator=D2 Old Footprint=DO41 New Footprint=DO35
Change Component Footprint: Designator=D3 Old Footprint=DO41 New Footprint=DO35
Change Component Footprint: Designator=D6 Old Footprint=DO41 New Footprint=DO35
Change Component Comment : Designator=POT1 Old Comment=POT1 New Comment=10k
Change Component Comment : Designator=R6 Old Comment=R New Comment=1k
Change Component Comment : Designator=R7 Old Comment=R New Comment=1k
Change Component Comment : Designator=R5 Old Comment=R New Comment=5k6
Change Component Comment : Designator=R1 Old Comment=R New Comment=10k
Change Component Comment : Designator=R11 Old Comment=R New Comment=10k
Change Component Comment : Designator=R12 Old Comment=R New Comment=10ohm
Change Component Comment : Designator=R4 Old Comment=R New Comment=120k
Change Component Comment : Designator=R10 Old Comment=R New Comment=220k
Added Component: Designator=R13(R1/4)
Added Pin To Net: NetName=NetCP3_1 Pin=R13-1
Added Pin To Net: NetName=NetR4_1 Pin=R13-2
Added Member To Class: ClassName=Sheet1 Member=Component C7 C
Added Member To Class: ClassName=Sheet1 Member=Component C8 47nF
Added Member To Class: ClassName=Sheet1 Member=Component C9 4.7nF
Added Member To Class: ClassName=Sheet1 Member=Component C10 47nF
Added Member To Class: ClassName=Sheet1 Member=Component R13 820ohm
