Removed Pin From Net: NetName=+12V Pin=R2-1
Removed Pin From Net: NetName=VAC1 Pin=T1-1
Removed Pin From Net: NetName=VAC2 Pin=T1-3
Added Component: Designator=J4(CON16-2headers)
Added Component: Designator=J5(CON2_5I08V_CP)
Added Component: Designator=J6(CON2_5I08V_CP)
Added Pin To Net: NetName=+12V Pin=J4-1
Added Pin To Net: NetName=+12V Pin=J4-2
Added Pin To Net: NetName=+5V Pin=J4-3
Added Pin To Net: NetName=+5V Pin=J4-4
Added Pin To Net: NetName=A Pin=J4-5
Added Pin To Net: NetName=A Pin=J4-6
Added Pin To Net: NetName=D Pin=J4-7
Added Pin To Net: NetName=D Pin=J4-8
Added Pin To Net: NetName=C Pin=J4-9
Added Pin To Net: NetName=C Pin=J4-10
Added Pin To Net: NetName=B Pin=J4-11
Added Pin To Net: NetName=B Pin=J4-12
Added Pin To Net: NetName=GND Pin=J4-15
Added Pin To Net: NetName=GND Pin=J4-16
Added Pin To Net: NetName=VAC1 Pin=J5-1
Added Pin To Net: NetName=VAC2 Pin=J5-2
Added Pin To Net: NetName=VAC2 Pin=T2-1
Added Pin To Net: NetName=VAC1 Pin=T2-8
Change Net Name : Old Net Name=VAC1 New Net Name=NetJ5_1
Change Net Name : Old Net Name=VAC2 New Net Name=NetJ5_2
Added Pin To Net: NetName=NetJ6_1 Pin=J6-1
Added Pin To Net: NetName=NetJ6_1 Pin=T1-3
Added Net: Name=NetJ6_1
Added Pin To Net: NetName=NetJ6_2 Pin=J6-2
Added Pin To Net: NetName=NetJ6_2 Pin=T1-1
Added Net: Name=NetJ6_2
Added Member To Class: ClassName=Sheet1 Member=Component J4 CON16_2headers
Added Member To Class: ClassName=Sheet1 Member=Component J5 CON2
Added Member To Class: ClassName=Sheet1 Member=Component J6 CON2
