Removed Pin From Net: NetName=+5V Pin=C7-1
Removed Pin From Net: NetName=IOUT Pin=D4-1
Removed Pin From Net: NetName=+5V Pin=D4-2
Removed Pin From Net: NetName=GND Pin=D5-1
Removed Pin From Net: NetName=IOUT Pin=D5-2
Removed Pin From Net: NetName=VREFTR Pin=R11-1
Removed Pin From Net: NetName=+5V Pin=R11-2
Removed Pin From Net: NetName=IOUT Pin=U1-4
Removed Pin From Net: NetName=IOUT Pin=U1-4
Change Component Footprint: Designator=D1 Old Footprint=DO41 New Footprint=DO35
Change Component Footprint: Designator=D2 Old Footprint=DO41 New Footprint=DO35
Change Component Footprint: Designator=D3 Old Footprint=DO41 New Footprint=DO35
Change Component Footprint: Designator=D6 Old Footprint=DO41 New Footprint=DO35
Added Component: Designator=R12(R1/4)
Added Pin To Net: NetName=GND Pin=R11-1
Added Pin To Net: NetName=IOUT Pin=R12-2
Added Pin To Net: NetName=NetC7_1 Pin=C7-1
Added Pin To Net: NetName=NetC7_1 Pin=R11-2
Added Pin To Net: NetName=NetC7_1 Pin=R12-1
Added Pin To Net: NetName=NetC7_1 Pin=U1-4
Added Pin To Net: NetName=NetC7_1 Pin=U1-4
Added Net: Name=NetC7_1
Added Member To Class: ClassName=Sheet1 Member=Component AND I-7408
Added Member To Class: ClassName=Sheet1 Member=Component C1 C
Added Member To Class: ClassName=Sheet1 Member=Component C2 C
Added Member To Class: ClassName=Sheet1 Member=Component C3 C
Added Member To Class: ClassName=Sheet1 Member=Component C4 C
Added Member To Class: ClassName=Sheet1 Member=Component C5 C
Added Member To Class: ClassName=Sheet1 Member=Component C6 C
Added Member To Class: ClassName=Sheet1 Member=Component C7 C
Added Member To Class: ClassName=Sheet1 Member=Component C8 47nF
Added Member To Class: ClassName=Sheet1 Member=Component C9 4.7nF
Added Member To Class: ClassName=Sheet1 Member=Component C10 47nF
Added Member To Class: ClassName=Sheet1 Member=Component CP1 CP
Added Member To Class: ClassName=Sheet1 Member=Component CP2 CP
Added Member To Class: ClassName=Sheet1 Member=Component CP3 CP
Added Member To Class: ClassName=Sheet1 Member=Component CP4 CP
Added Member To Class: ClassName=Sheet1 Member=Component D1 D
Added Member To Class: ClassName=Sheet1 Member=Component D2 D
Added Member To Class: ClassName=Sheet1 Member=Component D3 D
Added Member To Class: ClassName=Sheet1 Member=Component D6 D
Added Member To Class: ClassName=Sheet1 Member=Component HOLE1 HOLE
Added Member To Class: ClassName=Sheet1 Member=Component HOLE2 HOLE
Added Member To Class: ClassName=Sheet1 Member=Component HOLE3 HOLE
Added Member To Class: ClassName=Sheet1 Member=Component HOLE4 HOLE
Added Member To Class: ClassName=Sheet1 Member=Component J2 O_LCD_petit
Added Member To Class: ClassName=Sheet1 Member=Component J3 ICSP
Added Member To Class: ClassName=Sheet1 Member=Component J4 CON16_2headers
Added Member To Class: ClassName=Sheet1 Member=Component J5 CON2
Added Member To Class: ClassName=Sheet1 Member=Component J6 CON2
Added Member To Class: ClassName=Sheet1 Member=Component J7 CON4
Added Member To Class: ClassName=Sheet1 Member=Component Not I-7404
Added Member To Class: ClassName=Sheet1 Member=Component OR I-7432
Added Member To Class: ClassName=Sheet1 Member=Component POT1
Added Member To Class: ClassName=Sheet1 Member=Component R1 R
Added Member To Class: ClassName=Sheet1 Member=Component R2 R
Added Member To Class: ClassName=Sheet1 Member=Component R3 R
Added Member To Class: ClassName=Sheet1 Member=Component R4 R
Added Member To Class: ClassName=Sheet1 Member=Component R5 R
Added Member To Class: ClassName=Sheet1 Member=Component R6 R
Added Member To Class: ClassName=Sheet1 Member=Component R7 R
Added Member To Class: ClassName=Sheet1 Member=Component R10 R
Added Member To Class: ClassName=Sheet1 Member=Component R11 R
Added Member To Class: ClassName=Sheet1 Member=Component R12 R
Added Member To Class: ClassName=Sheet1 Member=Component SW1 SW
Added Member To Class: ClassName=Sheet1 Member=Component T1 TRAFO_1P2S
Added Member To Class: ClassName=Sheet1 Member=Component T2 Transducer 5-20A
Added Member To Class: ClassName=Sheet1 Member=Component U1 I-PIC18F44K20
Added Member To Class: ClassName=Sheet1 Member=Component Z1 Z-78MXX
