Removed Pin From Net: NetName=PWM Pin=ADN-1
Removed Pin From Net: NetName=P Pin=ADN-2
Removed Pin From Net: NetName=A Pin=ADN-3
Removed Pin From Net: NetName=GND Pin=ADN-7
Removed Pin From Net: NetName=+5V Pin=ADN-14
Removed Pin From Net: NetName=P Pin=NOT-1
Removed Pin From Net: NetName=NetNOT_2 Pin=NOT-2
Removed Pin From Net: NetName=GND Pin=NOT-7
Removed Pin From Net: NetName=+5V Pin=NOT-14
Removed Pin From Net: NetName=B Pin=U3-1
Removed Pin From Net: NetName=P Pin=U3-2
Removed Pin From Net: NetName=NPWM Pin=U3-3
Removed Pin From Net: NetName=GND Pin=U3-7
Removed Pin From Net: NetName=+5V Pin=U3-14
Removed Member From Class: ClassName=Sheet1 Member=U2
Removed Member From Class: ClassName=Sheet1 Member=U3
Removed Member From Class: ClassName=Sheet1 Member=U4
Change Component Designator: OldDesignator=U2 NewDesignator=ADN
Change Component Designator: OldDesignator=U4 NewDesignator=NOT
Added Pin To Net: NetName=PWM Pin=ADN-1
Added Pin To Net: NetName=P Pin=ADN-2
Added Pin To Net: NetName=A Pin=ADN-3
Added Pin To Net: NetName=GND Pin=ADN-7
Added Pin To Net: NetName=+5V Pin=ADN-14
Added Pin To Net: NetName=P Pin=NOT-1
Added Pin To Net: NetName=NetNOT_2 Pin=NOT-2
Added Pin To Net: NetName=GND Pin=NOT-7
Added Pin To Net: NetName=+5V Pin=NOT-14
Added Pin To Net: NetName=B Pin=OR-1
Added Pin To Net: NetName=P Pin=OR-2
Added Pin To Net: NetName=NPWM Pin=OR-3
Added Pin To Net: NetName=GND Pin=OR-7
Added Pin To Net: NetName=+5V Pin=OR-14
Change Net Name : Old Net Name=NetNOT_2 New Net Name=NetADN_4
Change Net Name : Old Net Name=NetOR_5 New Net Name=NetNOT_4
