Removed Pin From Net: NetName=PWM Pin=U2-1
Removed Pin From Net: NetName=P Pin=U2-2
Removed Pin From Net: NetName=A Pin=U2-3
Removed Pin From Net: NetName=GND Pin=U2-7
Removed Pin From Net: NetName=+5V Pin=U2-14
Removed Pin From Net: NetName=B Pin=U3-1
Removed Pin From Net: NetName=P Pin=U3-2
Removed Pin From Net: NetName=NPWM Pin=U3-3
Removed Pin From Net: NetName=GND Pin=U3-7
Removed Pin From Net: NetName=+5V Pin=U3-14
Removed Pin From Net: NetName=P Pin=U4-1
Removed Pin From Net: NetName=NetU2_4 Pin=U4-2
Removed Pin From Net: NetName=GND Pin=U4-7
Removed Pin From Net: NetName=+5V Pin=U4-14
Change Component Designator: OldDesignator=U3 NewDesignator=OR
Added Component: Designator=ADN(DIP14)
Added Component: Designator=NOT(DIP14)
Added Component: Designator=U3(DIP14)
Added Pin To Net: NetName=PWM Pin=ADN-1
Added Pin To Net: NetName=P Pin=ADN-2
Added Pin To Net: NetName=A Pin=ADN-3
Added Pin To Net: NetName=GND Pin=ADN-7
Added Pin To Net: NetName=+5V Pin=ADN-14
Added Pin To Net: NetName=P Pin=NOT-1
Added Pin To Net: NetName=NetU2_4 Pin=NOT-2
Added Pin To Net: NetName=GND Pin=NOT-7
Added Pin To Net: NetName=+5V Pin=NOT-14
Added Pin To Net: NetName=B Pin=U3-1
Added Pin To Net: NetName=P Pin=U3-2
Added Pin To Net: NetName=NPWM Pin=U3-3
Added Pin To Net: NetName=GND Pin=U3-7
Added Pin To Net: NetName=+5V Pin=U3-14
Change Net Name : Old Net Name=NetU2_4 New Net Name=NetNOT_2
Change Net Name : Old Net Name=NetU3_5 New Net Name=NetOR_5
Added Member To Class: ClassName=Sheet1 Member=Component ADN I-7408
Added Member To Class: ClassName=Sheet1 Member=Component NOT I-7404
Added Member To Class: ClassName=Sheet1 Member=Component U3 I-7432
